  LW3.cpp
C:\Users\roman\Desktop\Computer-Graphics---1term\LW3\LW3\tgaimage.h(60,59): warning C4244: =: преобразование "float" в "unsigned char", возможна потеря данных
  (компиляция исходного файла "LW3.cpp")
  
C:\Users\roman\Desktop\Computer-Graphics---1term\LW3\LW3\LW3.cpp(67,23): warning C4244: =: преобразование "T" в "T", возможна потеря данных
C:\Users\roman\Desktop\Computer-Graphics---1term\LW3\LW3\LW3.cpp(67,23): warning C4244:         with
C:\Users\roman\Desktop\Computer-Graphics---1term\LW3\LW3\LW3.cpp(67,23): warning C4244:         [
C:\Users\roman\Desktop\Computer-Graphics---1term\LW3\LW3\LW3.cpp(67,23): warning C4244:             T=float
C:\Users\roman\Desktop\Computer-Graphics---1term\LW3\LW3\LW3.cpp(67,23): warning C4244:         ]
C:\Users\roman\Desktop\Computer-Graphics---1term\LW3\LW3\LW3.cpp(67,23): warning C4244:         and
C:\Users\roman\Desktop\Computer-Graphics---1term\LW3\LW3\LW3.cpp(67,23): warning C4244:         [
C:\Users\roman\Desktop\Computer-Graphics---1term\LW3\LW3\LW3.cpp(67,23): warning C4244:             T=int
C:\Users\roman\Desktop\Computer-Graphics---1term\LW3\LW3\LW3.cpp(67,23): warning C4244:         ]
C:\Users\roman\Desktop\Computer-Graphics---1term\LW3\LW3\LW3.cpp(68,27): warning C4244: =: преобразование "T" в "T", возможна потеря данных
C:\Users\roman\Desktop\Computer-Graphics---1term\LW3\LW3\LW3.cpp(68,27): warning C4244:         with
C:\Users\roman\Desktop\Computer-Graphics---1term\LW3\LW3\LW3.cpp(68,27): warning C4244:         [
C:\Users\roman\Desktop\Computer-Graphics---1term\LW3\LW3\LW3.cpp(68,27): warning C4244:             T=float
C:\Users\roman\Desktop\Computer-Graphics---1term\LW3\LW3\LW3.cpp(68,27): warning C4244:         ]
C:\Users\roman\Desktop\Computer-Graphics---1term\LW3\LW3\LW3.cpp(68,27): warning C4244:         and
C:\Users\roman\Desktop\Computer-Graphics---1term\LW3\LW3\LW3.cpp(68,27): warning C4244:         [
C:\Users\roman\Desktop\Computer-Graphics---1term\LW3\LW3\LW3.cpp(68,27): warning C4244:             T=int
C:\Users\roman\Desktop\Computer-Graphics---1term\LW3\LW3\LW3.cpp(68,27): warning C4244:         ]
  LW3.vcxproj -> C:\Users\roman\Desktop\Computer-Graphics---1term\LW3\x64\Debug\LW3.exe
